#
# There is insufficient memory for the Java Runtime Environment to continue.
# Native memory allocation (mmap) failed to map 132120576 bytes for Failed to commit area from 0x0000000082800000 to 0x000000008a600000 of length 132120576.
# Possible reasons:
#   The system is out of physical RAM or swap space
#   The process is running with CompressedOops enabled, and the Java Heap may be blocking the growth of the native heap
# Possible solutions:
#   Reduce memory load on the system
#   Increase physical memory or swap space
#   Check if swap backing store is full
#   Decrease Java heap size (-Xmx/-Xms)
#   Decrease number of Java threads
#   Decrease Java thread stack sizes (-Xss)
#   Set larger code cache with -XX:ReservedCodeCacheSize=
#   JVM is running with Unscaled Compressed Oops mode in which the Java heap is
#     placed in the first 4GB address space. The Java Heap base address is the
#     maximum limit for the native heap growth. Please use -XX:HeapBaseMinAddress
#     to set the Java Heap base and to place the Java Heap above 4GB virtual address.
# This output file may be truncated or incomplete.
#
#  Out of Memory Error (t:/workspace/open/src/hotspot/os/windows/os_windows.cpp:3315), pid=20220, tid=7260
#
# JRE version:  (14.0+36) (build )
# Java VM: OpenJDK 64-Bit Server VM (14+36-1461, mixed mode, sharing, tiered, compressed oops, g1 gc, windows-amd64)
# No core dump will be written. Minidumps are not enabled by default on client versions of Windows
#

---------------  S U M M A R Y ------------

Command Line: C:\Users\joao-\Downloads\py4j-0.10.9.2\py4j-0.10.9.2\py4j-java\target\surefire\surefirebooter9550134018452216625.jar C:\Users\joao-\Downloads\py4j-0.10.9.2\py4j-0.10.9.2\py4j-java\target\surefire\surefire1152989457067723618tmp C:\Users\joao-\Downloads\py4j-0.10.9.2\py4j-0.10.9.2\py4j-java\target\surefire\surefire_04207501711877607320tmp

Host: Intel(R) Core(TM) i5-9300H CPU @ 2.40GHz, 8 cores, 7G,  Windows 10 , 64 bit Build 19041 (10.0.19041.1202)
Time: Mon Nov  1 15:49:02 2021 E. South America Standard Time elapsed time: 0 seconds (0d 0h 0m 0s)

---------------  T H R E A D  ---------------

Current thread (0x0000020930ffe000):  JavaThread "Unknown thread" [_thread_in_vm, id=7260, stack(0x0000002ab2200000,0x0000002ab2300000)]

Stack: [0x0000002ab2200000,0x0000002ab2300000]
Native frames: (J=compiled Java code, j=interpreted, Vv=VM code, C=native code)
V  [jvm.dll+0x5f83ea]
V  [jvm.dll+0x741e2a]
V  [jvm.dll+0x7435df]
V  [jvm.dll+0x743c23]
V  [jvm.dll+0x20d268]
V  [jvm.dll+0x5f579a]
V  [jvm.dll+0x5ea5f5]
V  [jvm.dll+0x2c7e7c]
V  [jvm.dll+0x2c7cb2]
V  [jvm.dll+0x2cdb9c]
V  [jvm.dll+0x313fd8]
V  [jvm.dll+0x313700]
V  [jvm.dll+0x2a090a]
V  [jvm.dll+0x2a1a59]
V  [jvm.dll+0x71f6f8]
V  [jvm.dll+0x321c24]
V  [jvm.dll+0x700aec]
V  [jvm.dll+0x392ddf]
V  [jvm.dll+0x394e51]
C  [jli.dll+0x523b]
C  [ucrtbase.dll+0x21bb2]
C  [KERNEL32.DLL+0x17034]
C  [ntdll.dll+0x52651]


---------------  P R O C E S S  ---------------

Threads class SMR info:
_java_thread_list=0x00007ff8f9264078, length=0, elements={
}

Java Threads: ( => current thread )

Other Threads:
  0x000002093103d800 GCTaskThread "GC Thread#0" [stack: 0x0000002ab2300000,0x0000002ab2400000] [id=14560]
  0x0000020931050000 ConcurrentGCThread "G1 Main Marker" [stack: 0x0000002ab2400000,0x0000002ab2500000] [id=10908]
  0x0000020931051000 ConcurrentGCThread "G1 Conc#0" [stack: 0x0000002ab2500000,0x0000002ab2600000] [id=21352]

[error occurred during error reporting (printing all threads), id 0xc0000005, EXCEPTION_ACCESS_VIOLATION (0xc0000005) at pc=0x00007ff8f8a91237]

VM state:not at safepoint (not fully initialized)

VM Mutex/Monitor currently owned by a thread:  ([mutex/lock_event])
[0x0000020930ffa3e0] Heap_lock - owner thread: 0x0000020930ffe000

Heap address: 0x0000000082800000, size: 2008 MB, Compressed Oops mode: 32-bit
Narrow klass base: 0x0000000000000000, Narrow klass shift: 0

GC Heap History (0 events):
No events

Deoptimization events (0 events):
No events

Classes unloaded (0 events):
No events

Classes redefined (0 events):
No events

Internal exceptions (0 events):
No events

Events (2 events):
Event: 0.005 Loaded shared library C:\usr\local\jdk-14\bin\java.dll
Event: 0.005 Loaded shared library C:\usr\local\jdk-14\bin\zip.dll


Dynamic libraries:
0x00007ff610ec0000 - 0x00007ff610ecd000 	C:\usr\local\jdk-14\bin\java.exe
0x00007ff96e5f0000 - 0x00007ff96e7e5000 	C:\Windows\SYSTEM32\ntdll.dll
0x00007ff96ce40000 - 0x00007ff96cefe000 	C:\Windows\System32\KERNEL32.DLL
0x00007ff96c1a0000 - 0x00007ff96c469000 	C:\Windows\System32\KERNELBASE.dll
0x00007ff96bd10000 - 0x00007ff96be10000 	C:\Windows\System32\ucrtbase.dll
0x00007ff964890000 - 0x00007ff9648a8000 	C:\usr\local\jdk-14\bin\jli.dll
0x00007ff963fd0000 - 0x00007ff963fe5000 	C:\usr\local\jdk-14\bin\VCRUNTIME140.dll
0x00007ff96c8d0000 - 0x00007ff96ca71000 	C:\Windows\System32\USER32.dll
0x00007ff96c170000 - 0x00007ff96c192000 	C:\Windows\System32\win32u.dll
0x00007ff95ed40000 - 0x00007ff95efda000 	C:\Windows\WinSxS\amd64_microsoft.windows.common-controls_6595b64144ccf1df_6.0.19041.1110_none_60b5254171f9507e\COMCTL32.dll
0x00007ff96d540000 - 0x00007ff96d56b000 	C:\Windows\System32\GDI32.dll
0x00007ff96c530000 - 0x00007ff96c63b000 	C:\Windows\System32\gdi32full.dll
0x00007ff96d730000 - 0x00007ff96d7ce000 	C:\Windows\System32\msvcrt.dll
0x00007ff96bf20000 - 0x00007ff96bfbd000 	C:\Windows\System32\msvcp_win.dll
0x00007ff96c710000 - 0x00007ff96c740000 	C:\Windows\System32\IMM32.DLL
0x00007ff952510000 - 0x00007ff9525ab000 	C:\usr\local\jdk-14\bin\msvcp140.dll
0x00007ff8f87e0000 - 0x00007ff8f92ff000 	C:\usr\local\jdk-14\bin\server\jvm.dll
0x00007ff96cc50000 - 0x00007ff96ccfc000 	C:\Windows\System32\ADVAPI32.dll
0x00007ff96d7d0000 - 0x00007ff96d86b000 	C:\Windows\System32\sechost.dll
0x00007ff96d3b0000 - 0x00007ff96d4da000 	C:\Windows\System32\RPCRT4.dll
0x00007ff96cdb0000 - 0x00007ff96cdb8000 	C:\Windows\System32\PSAPI.DLL
0x00007ff958be0000 - 0x00007ff958be9000 	C:\Windows\SYSTEM32\WSOCK32.dll
0x00007ff958a10000 - 0x00007ff958a37000 	C:\Windows\SYSTEM32\WINMM.dll
0x00007ff96cf00000 - 0x00007ff96cf6b000 	C:\Windows\System32\WS2_32.dll
0x00007ff9660d0000 - 0x00007ff9660da000 	C:\Windows\SYSTEM32\VERSION.dll
0x00007ff969bd0000 - 0x00007ff969be2000 	C:\Windows\SYSTEM32\kernel.appcore.dll
0x00007ff966850000 - 0x00007ff96685a000 	C:\usr\local\jdk-14\bin\jimage.dll
0x00007ff9645f0000 - 0x00007ff9647d4000 	C:\Windows\SYSTEM32\DBGHELP.DLL
0x00007ff963c70000 - 0x00007ff963c9c000 	C:\Windows\SYSTEM32\dbgcore.DLL
0x00007ff96c470000 - 0x00007ff96c4f3000 	C:\Windows\System32\bcryptPrimitives.dll
0x00007ff963fa0000 - 0x00007ff963fc5000 	C:\usr\local\jdk-14\bin\java.dll
0x00007ff963280000 - 0x00007ff963297000 	C:\usr\local\jdk-14\bin\zip.dll

dbghelp: loaded successfully - version: 4.0.5 - missing functions: none
symbol engine: initialized successfully - sym options: 0x614 - pdb path: .;C:\usr\local\jdk-14\bin;C:\Windows\SYSTEM32;C:\Windows\WinSxS\amd64_microsoft.windows.common-controls_6595b64144ccf1df_6.0.19041.1110_none_60b5254171f9507e;C:\usr\local\jdk-14\bin\server

VM Arguments:
java_command: C:\Users\joao-\Downloads\py4j-0.10.9.2\py4j-0.10.9.2\py4j-java\target\surefire\surefirebooter9550134018452216625.jar C:\Users\joao-\Downloads\py4j-0.10.9.2\py4j-0.10.9.2\py4j-java\target\surefire\surefire1152989457067723618tmp C:\Users\joao-\Downloads\py4j-0.10.9.2\py4j-0.10.9.2\py4j-java\target\surefire\surefire_04207501711877607320tmp
java_class_path (initial): C:\Users\joao-\Downloads\py4j-0.10.9.2\py4j-0.10.9.2\py4j-java\target\surefire\surefirebooter9550134018452216625.jar
Launcher Type: SUN_STANDARD

[Global flags]
     intx CICompilerCount                          = 4                                         {product} {ergonomic}
     uint ConcGCThreads                            = 2                                         {product} {ergonomic}
     uint G1ConcRefinementThreads                  = 8                                         {product} {ergonomic}
   size_t G1HeapRegionSize                         = 1048576                                   {product} {ergonomic}
    uintx GCDrainStackTargetSize                   = 64                                        {product} {ergonomic}
   size_t InitialHeapSize                          = 132120576                                 {product} {ergonomic}
   size_t MarkStackSize                            = 4194304                                   {product} {ergonomic}
   size_t MaxHeapSize                              = 2105540608                                {product} {ergonomic}
   size_t MinHeapDeltaBytes                        = 1048576                                   {product} {ergonomic}
   size_t MinHeapSize                              = 8388608                                   {product} {ergonomic}
    uintx NonNMethodCodeHeapSize                   = 5839372                                {pd product} {ergonomic}
    uintx NonProfiledCodeHeapSize                  = 122909434                              {pd product} {ergonomic}
    uintx ProfiledCodeHeapSize                     = 122909434                              {pd product} {ergonomic}
    uintx ReservedCodeCacheSize                    = 251658240                              {pd product} {ergonomic}
     bool SegmentedCodeCache                       = true                                      {product} {ergonomic}
   size_t SoftMaxHeapSize                          = 2105540608                             {manageable} {ergonomic}
     bool UseCompressedClassPointers               = true                                 {lp64_product} {ergonomic}
     bool UseCompressedOops                        = true                                 {lp64_product} {ergonomic}
     bool UseG1GC                                  = true                                      {product} {ergonomic}
     bool UseLargePagesIndividualAllocation        = false                                  {pd product} {ergonomic}

Logging:
Log output configuration:
 #0: stdout all=warning uptime,level,tags
 #1: stderr all=off uptime,level,tags

Environment Variables:
JAVA_HOME=C:/usr/local/jdk-14
PATH=C;C:\usr\local\jdk-14\bin;C:\Users\joao-\bin;C:\usr\local\git\mingw64\bin;C:\usr\local\git\usr\local\bin;C:\usr\local\git\usr\bin;C:\usr\local\git\usr\bin;C:\usr\local\git\mingw64\bin;C:\usr\local\git\usr\bin;C:\Users\joao-\bin;C:\usr\local\dart-sdk\bin;C:\usr\local\nodejs;C:\usr\local\jdk-14\bin;C:\usr\local\oraxe18c\dbhomeXE\bin;C:\usr\local\sqlcl\bin;C:\usr\local\ag\bin;C:\usr\local\mvn\bin;C:\usr\local\python3\Scripts;C:\usr\local\python3;C:\usr\local\Go\bin;C:\Windows\system32;C:\Windows;C:\Windows\System32\Wbem;C:\Windows\System32\WindowsPowerShell\v1.0;C:\Windows\System32\OpenSSH;C:\usr\local\git\cmd;C:\usr\local\git\mingw64\bin;C:\usr\local\git\usr\bin;C:\Program Files\Microsoft VS Code\bin;C:\Users\joao-\AppData\Local\Microsoft\WindowsApps;C:\usr\local\pycharm\bin;C:\Program Files\JetBrains\IntelliJ IDEA 2021.1.1\bin;C:\Program Files\JetBrains\DataGrip 2021.1.1\bin;C:\Users\joao-\go\bin;C:\Users\joao-\AppData\Roaming\npm;C:\usr\local\git\usr\bin\vendor_perl;C:\usr\local\git\usr\bin\core_perl
USERNAME=joao-
SHELL=C:\usr\local\git\usr\bin\bash.exe
DISPLAY=needs-to-be-defined
OS=Windows_NT
PROCESSOR_IDENTIFIER=Intel64 Family 6 Model 158 Stepping 10, GenuineIntel



---------------  S Y S T E M  ---------------

OS: Windows 10 , 64 bit Build 19041 (10.0.19041.1202)
OS uptime: 18 days 7:13 hours
HyperV virtualization detected

CPU:total 8 (initial active 8) (4 cores per cpu, 2 threads per core) family 6 model 158 stepping 10, cmov, cx8, fxsr, mmx, sse, sse2, sse3, ssse3, sse4.1, sse4.2, popcnt, avx, avx2, aes, clmul, erms, 3dnowpref, lzcnt, ht, tsc, tscinvbit, bmi1, bmi2, adx, fma

Memory: 4k page, system-wide physical 8029M (812M free)
TotalPageFile size 23288M (AvailPageFile size 25M)
current process WorkingSet (physical memory assigned to process): 10M, peak: 10M
current process commit charge ("private bytes"): 60M, peak: 186M

vm_info: OpenJDK 64-Bit Server VM (14+36-1461) for windows-amd64 JRE (14+36-1461), built on Feb  6 2020 19:03:18 by "mach5one" with MS VC++ 15.9 (VS2017)

END.
