#
# There is insufficient memory for the Java Runtime Environment to continue.
# Native memory allocation (mmap) failed to map 17825792 bytes for Failed to commit area from 0x0000000086400000 to 0x0000000087500000 of length 17825792.
# Possible reasons:
#   The system is out of physical RAM or swap space
#   The process is running with CompressedOops enabled, and the Java Heap may be blocking the growth of the native heap
# Possible solutions:
#   Reduce memory load on the system
#   Increase physical memory or swap space
#   Check if swap backing store is full
#   Decrease Java heap size (-Xmx/-Xms)
#   Decrease number of Java threads
#   Decrease Java thread stack sizes (-Xss)
#   Set larger code cache with -XX:ReservedCodeCacheSize=
#   JVM is running with Unscaled Compressed Oops mode in which the Java heap is
#     placed in the first 4GB address space. The Java Heap base address is the
#     maximum limit for the native heap growth. Please use -XX:HeapBaseMinAddress
#     to set the Java Heap base and to place the Java Heap above 4GB virtual address.
# This output file may be truncated or incomplete.
#
#  Out of Memory Error (t:/workspace/open/src/hotspot/os/windows/os_windows.cpp:3315), pid=8820, tid=21088
#
# JRE version: OpenJDK Runtime Environment (14.0+36) (build 14+36-1461)
# Java VM: OpenJDK 64-Bit Server VM (14+36-1461, mixed mode, sharing, tiered, compressed oops, g1 gc, windows-amd64)
# No core dump will be written. Minidumps are not enabled by default on client versions of Windows
#

---------------  S U M M A R Y ------------

Command Line: -Dclassworlds.conf=C:/usr/local/mvn/bin/m2.conf -Dmaven.home=C:/usr/local/mvn -Dlibrary.jansi.path=C:/usr/local/mvn/lib/jansi-native -Dmaven.multiModuleProjectDirectory=C:/Users/joao-/Downloads/py4j-0.10.9.2/py4j-0.10.9.2/py4j-java org.codehaus.plexus.classworlds.launcher.Launcher clean package install -DskipTests

Host: Intel(R) Core(TM) i5-9300H CPU @ 2.40GHz, 8 cores, 7G,  Windows 10 , 64 bit Build 19041 (10.0.19041.1202)
Time: Mon Nov  1 15:53:48 2021 E. South America Standard Time elapsed time: 5 seconds (0d 0h 0m 5s)

---------------  T H R E A D  ---------------

Current thread (0x000001dd493d3000):  VMThread "VM Thread" [stack: 0x00000078f9d00000,0x00000078f9e00000] [id=21088]

Stack: [0x00000078f9d00000,0x00000078f9e00000]
[error occurred during error reporting (printing stack bounds), id 0xc0000005, EXCEPTION_ACCESS_VIOLATION (0xc0000005) at pc=0x000001dd324210ad]

Native frames: (J=compiled Java code, j=interpreted, Vv=VM code, C=native code)
V  [jvm.dll+0x5f83ea]
V  [jvm.dll+0x741e2a]
V  [jvm.dll+0x7435df]
V  [jvm.dll+0x743b85]
V  [jvm.dll+0x743b3b]
V  [jvm.dll+0x5f791f]
V  [jvm.dll+0x5f8088]
C  [ntdll.dll+0xa20cf]
C  [ntdll.dll+0x51454]
C  [ntdll.dll+0xa0bfe]
C  0x000001dd324210ad

VM_Operation (0x00000078f97faa70): G1CollectForAllocation, mode: safepoint, requested by thread 0x000001dd284bc000


---------------  P R O C E S S  ---------------

Threads class SMR info:
_java_thread_list=0x000001dd4aa02ef0, length=13, elements={
0x000001dd284bc000, 0x000001dd493d4800, 0x000001dd493d6000, 0x000001dd493f3000,
0x000001dd493f6000, 0x000001dd493f7800, 0x000001dd493f8800, 0x000001dd493fa000,
0x000001dd493fb000, 0x000001dd49e5b000, 0x000001dd49e5d800, 0x000001dd4b3d3000,
0x000001dd4aa33800
}

Java Threads: ( => current thread )
  0x000001dd284bc000 JavaThread "main" [_thread_blocked, id=18912, stack(0x00000078f9700000,0x00000078f9800000)]
  0x000001dd493d4800 JavaThread "Reference Handler" daemon [_thread_blocked, id=5876, stack(0x00000078f9e00000,0x00000078f9f00000)]
  0x000001dd493d6000 JavaThread "Finalizer" daemon [_thread_blocked, id=7032, stack(0x00000078f9f00000,0x00000078fa000000)]
  0x000001dd493f3000 JavaThread "Signal Dispatcher" daemon [_thread_blocked, id=16324, stack(0x00000078fa000000,0x00000078fa100000)]
  0x000001dd493f6000 JavaThread "Attach Listener" daemon [_thread_blocked, id=16300, stack(0x00000078fa100000,0x00000078fa200000)]
  0x000001dd493f7800 JavaThread "Service Thread" daemon [_thread_blocked, id=20232, stack(0x00000078fa200000,0x00000078fa300000)]
  0x000001dd493f8800 JavaThread "C2 CompilerThread0" daemon [_thread_blocked, id=10604, stack(0x00000078fa300000,0x00000078fa400000)]
  0x000001dd493fa000 JavaThread "C1 CompilerThread0" daemon [_thread_blocked, id=18544, stack(0x00000078fa400000,0x00000078fa500000)]
  0x000001dd493fb000 JavaThread "Sweeper thread" daemon [_thread_blocked, id=2004, stack(0x00000078fa500000,0x00000078fa600000)]
  0x000001dd49e5b000 JavaThread "Notification Thread" daemon [_thread_blocked, id=4636, stack(0x00000078fa600000,0x00000078fa700000)]
  0x000001dd49e5d800 JavaThread "Common-Cleaner" daemon [_thread_blocked, id=5388, stack(0x00000078fa800000,0x00000078fa900000)]
  0x000001dd4b3d3000 JavaThread "C2 CompilerThread1" daemon [_thread_blocked, id=11928, stack(0x00000078fa900000,0x00000078faa00000)]
  0x000001dd4aa33800 JavaThread "C2 CompilerThread2" daemon [_thread_in_native, id=12332, stack(0x00000078fad00000,0x00000078fae00000)]

Other Threads:
=>0x000001dd493d3000 VMThread "VM Thread" [stack: 0x00000078f9d00000,0x00000078f9e00000] [id=21088]
  0x000001dd49e66000 WatcherThread [stack: 0x00000078fa700000,0x00000078fa800000] [id=13024]
  0x000001dd284fe800 GCTaskThread "GC Thread#0" [stack: 0x00000078f9800000,0x00000078f9900000] [id=1156]
  0x000001dd4a813000 GCTaskThread "GC Thread#1" [stack: 0x00000078fab00000,0x00000078fac00000] [id=4760]
  0x000001dd4a874800 GCTaskThread "GC Thread#2" [stack: 0x00000078fac00000,0x00000078fad00000] [id=4188]
  0x000001dd28510000 ConcurrentGCThread "G1 Main Marker" [stack: 0x00000078f9900000,0x00000078f9a00000] [id=17300]
  0x000001dd28511800 ConcurrentGCThread "G1 Conc#0" [stack: 0x00000078f9a00000,0x00000078f9b00000] [id=18792]
  0x000001dd4ca2f800 ConcurrentGCThread "G1 Conc#1" [stack: 0x00000078faa00000,0x00000078fab00000] [id=5904]
  0x000001dd2859d800 ConcurrentGCThread "G1 Refine#0" [stack: 0x00000078f9b00000,0x00000078f9c00000] [id=17452]
  0x000001dd4c18d000 ConcurrentGCThread "G1 Refine#1" [stack: 0x00000078fae00000,0x00000078faf00000] [id=10920]
  0x000001dd4e273000 ConcurrentGCThread "G1 Refine#2" [stack: 0x00000078faf00000,0x00000078fb000000] [id=19724]
  0x000001dd4b22f000 ConcurrentGCThread "G1 Refine#3" [stack: 0x00000078fb000000,0x00000078fb100000] [id=3972]
  0x000001dd4db38800 ConcurrentGCThread "G1 Refine#4" [stack: 0x00000078fb100000,0x00000078fb200000] [id=6544]
  0x000001dd4ae24800 ConcurrentGCThread "G1 Refine#5" [stack: 0x00000078fb200000,0x00000078fb300000] [id=5308]
  0x000001dd49249800 ConcurrentGCThread "G1 Young RemSet Sampling" [stack: 0x00000078f9c00000,0x00000078f9d00000] [id=19064]

Threads with active compile tasks:
C2 CompilerThread0     5011 7427   !   4       com.google.inject.spi.InjectionPoint::getInjectionPoints (489 bytes)
C1 CompilerThread0     5011 7458       3       com.google.inject.internal.Annotations::checkForMisplacedScopeAnnotations (41 bytes)
C2 CompilerThread1     5011 7436  s!   4       jdk.internal.loader.URLClassPath::getLoader (194 bytes)
C2 CompilerThread2     5011 7373       4       org.apache.maven.model.inheritance.DefaultInheritanceAssembler$InheritanceModelMerger::mergePlugin (71 bytes)

VM state:at safepoint (normal execution)

VM Mutex/Monitor currently owned by a thread:  ([mutex/lock_event])
[0x000001dd284b9510] Threads_lock - owner thread: 0x000001dd493d3000
[0x000001dd284b8ee0] Heap_lock - owner thread: 0x000001dd284bc000

Heap address: 0x0000000082800000, size: 2008 MB, Compressed Oops mode: 32-bit
Narrow klass base: 0x0000000800000000, Narrow klass shift: 3
Compressed class space size: 1073741824 Address: 0x0000000800b30000

Heap:
 garbage-first heap   total 86016K, used 35106K [0x0000000082800000, 0x0000000100000000)
  region size 1024K, 2 young (2048K), 2 survivors (2048K)
 Metaspace       used 28164K, capacity 28950K, committed 29232K, reserved 1075200K
  class space    used 3095K, capacity 3395K, committed 3456K, reserved 1048576K
Heap Regions: E=young(eden), S=young(survivor), O=old, HS=humongous(starts), HC=humongous(continues), CS=collection set, F=free, OA=open archive, CA=closed archive, TAMS=top-at-mark-start (previous, next)
|   0|0x0000000082800000, 0x0000000082900000, 0x0000000082900000|100%| O|  |TAMS 0x0000000082900000, 0x0000000082800000| Untracked 
|   1|0x0000000082900000, 0x0000000082a00000, 0x0000000082a00000|100%| O|  |TAMS 0x0000000082a00000, 0x0000000082900000| Untracked 
|   2|0x0000000082a00000, 0x0000000082b00000, 0x0000000082b00000|100%| O|  |TAMS 0x0000000082b00000, 0x0000000082a00000| Untracked 
|   3|0x0000000082b00000, 0x0000000082c00000, 0x0000000082c00000|100%| O|  |TAMS 0x0000000082c00000, 0x0000000082b00000| Untracked 
|   4|0x0000000082c00000, 0x0000000082d00000, 0x0000000082d00000|100%| O|  |TAMS 0x0000000082d00000, 0x0000000082c00000| Untracked 
|   5|0x0000000082d00000, 0x0000000082d06e00, 0x0000000082e00000|  2%| O|  |TAMS 0x0000000082d06e00, 0x0000000082d00000| Complete 
|   6|0x0000000082e00000, 0x0000000082f00000, 0x0000000082f00000|100%| O|  |TAMS 0x0000000082f00000, 0x0000000082e00000| Untracked 
|   7|0x0000000082f00000, 0x0000000083000000, 0x0000000083000000|100%| O|  |TAMS 0x0000000083000000, 0x0000000082f00000| Complete 
|   8|0x0000000083000000, 0x0000000083100000, 0x0000000083100000|100%| O|  |TAMS 0x0000000083100000, 0x0000000083000000| Complete 
|   9|0x0000000083100000, 0x0000000083200000, 0x0000000083200000|100%| O|  |TAMS 0x0000000083200000, 0x0000000083100000| Complete 
|  10|0x0000000083200000, 0x0000000083300000, 0x0000000083300000|100%| O|  |TAMS 0x0000000083300000, 0x0000000083200000| Complete 
|  11|0x0000000083300000, 0x0000000083400000, 0x0000000083400000|100%| O|  |TAMS 0x0000000083400000, 0x0000000083300000| Untracked 
|  12|0x0000000083400000, 0x0000000083500000, 0x0000000083500000|100%| O|  |TAMS 0x0000000083500000, 0x0000000083400000| Complete 
|  13|0x0000000083500000, 0x0000000083600000, 0x0000000083600000|100%|HS|  |TAMS 0x0000000083600000, 0x0000000083500000| Complete 
|  14|0x0000000083600000, 0x0000000083700000, 0x0000000083700000|100%| O|  |TAMS 0x0000000083700000, 0x0000000083600000| Complete 
|  15|0x0000000083700000, 0x0000000083800000, 0x0000000083800000|100%| O|  |TAMS 0x0000000083800000, 0x0000000083700000| Complete 
|  16|0x0000000083800000, 0x0000000083900000, 0x0000000083900000|100%| O|  |TAMS 0x0000000083900000, 0x0000000083800000| Complete 
|  17|0x0000000083900000, 0x0000000083a00000, 0x0000000083a00000|100%| O|  |TAMS 0x0000000083a00000, 0x0000000083900000| Complete 
|  18|0x0000000083a00000, 0x0000000083b00000, 0x0000000083b00000|100%| O|  |TAMS 0x0000000083b00000, 0x0000000083a00000| Untracked 
|  19|0x0000000083b00000, 0x0000000083c00000, 0x0000000083c00000|100%| O|  |TAMS 0x0000000083c00000, 0x0000000083b00000| Complete 
|  20|0x0000000083c00000, 0x0000000083d00000, 0x0000000083d00000|100%| O|  |TAMS 0x0000000083d00000, 0x0000000083c00000| Complete 
|  21|0x0000000083d00000, 0x0000000083e00000, 0x0000000083e00000|100%| O|  |TAMS 0x0000000083e00000, 0x0000000083d00000| Complete 
|  22|0x0000000083e00000, 0x0000000083f00000, 0x0000000083f00000|100%| O|  |TAMS 0x0000000083f00000, 0x0000000083e00000| Complete 
|  23|0x0000000083f00000, 0x0000000084000000, 0x0000000084000000|100%| O|  |TAMS 0x0000000084000000, 0x0000000083f00000| Complete 
|  24|0x0000000084000000, 0x0000000084100000, 0x0000000084100000|100%| O|  |TAMS 0x0000000084100000, 0x0000000084000000| Untracked 
|  25|0x0000000084100000, 0x0000000084200000, 0x0000000084200000|100%| O|  |TAMS 0x0000000084200000, 0x0000000084100000| Untracked 
|  26|0x0000000084200000, 0x0000000084300000, 0x0000000084300000|100%| O|  |TAMS 0x0000000084300000, 0x0000000084200000| Untracked 
|  27|0x0000000084300000, 0x0000000084400000, 0x0000000084400000|100%| O|  |TAMS 0x0000000084400000, 0x0000000084300000| Complete 
|  28|0x0000000084400000, 0x0000000084500000, 0x0000000084500000|100%| O|  |TAMS 0x0000000084500000, 0x0000000084400000| Complete 
|  29|0x0000000084500000, 0x0000000084600000, 0x0000000084600000|100%| O|  |TAMS 0x0000000084600000, 0x0000000084500000| Complete 
|  30|0x0000000084600000, 0x0000000084700000, 0x0000000084700000|100%| O|  |TAMS 0x0000000084700000, 0x0000000084600000| Complete 
|  31|0x0000000084700000, 0x0000000084800000, 0x0000000084800000|100%| O|  |TAMS 0x0000000084800000, 0x0000000084700000| Complete 
|  32|0x0000000084800000, 0x0000000084900000, 0x0000000084900000|100%| O|  |TAMS 0x0000000084853000, 0x0000000084800000| Untracked 
|  33|0x0000000084900000, 0x00000000849b1a00, 0x0000000084a00000| 69%| O|  |TAMS 0x0000000084900000, 0x0000000084900000| Untracked 
|  34|0x0000000084a00000, 0x0000000084a00000, 0x0000000084b00000|  0%| F|  |TAMS 0x0000000084a00000, 0x0000000084a00000| Untracked 
|  35|0x0000000084b00000, 0x0000000084b00000, 0x0000000084c00000|  0%| F|  |TAMS 0x0000000084b00000, 0x0000000084b00000| Untracked 
|  36|0x0000000084c00000, 0x0000000084c00000, 0x0000000084d00000|  0%| F|  |TAMS 0x0000000084c00000, 0x0000000084c00000| Untracked 
|  37|0x0000000084d00000, 0x0000000084d00000, 0x0000000084e00000|  0%| F|  |TAMS 0x0000000084d00000, 0x0000000084d00000| Untracked 
|  38|0x0000000084e00000, 0x0000000084e00000, 0x0000000084f00000|  0%| F|  |TAMS 0x0000000084e00000, 0x0000000084e00000| Untracked 
|  39|0x0000000084f00000, 0x0000000084f00000, 0x0000000085000000|  0%| F|  |TAMS 0x0000000084f00000, 0x0000000084f00000| Untracked 
|  40|0x0000000085000000, 0x0000000085000000, 0x0000000085100000|  0%| F|  |TAMS 0x0000000085000000, 0x0000000085000000| Untracked 
|  41|0x0000000085100000, 0x0000000085100000, 0x0000000085200000|  0%| F|  |TAMS 0x0000000085100000, 0x0000000085100000| Untracked 
|  42|0x0000000085200000, 0x0000000085200000, 0x0000000085300000|  0%| F|  |TAMS 0x0000000085200000, 0x0000000085200000| Untracked 
|  43|0x0000000085300000, 0x0000000085300000, 0x0000000085400000|  0%| F|  |TAMS 0x0000000085300000, 0x0000000085300000| Untracked 
|  44|0x0000000085400000, 0x0000000085400000, 0x0000000085500000|  0%| F|  |TAMS 0x0000000085400000, 0x0000000085400000| Untracked 
|  45|0x0000000085500000, 0x0000000085500000, 0x0000000085600000|  0%| F|  |TAMS 0x0000000085500000, 0x0000000085500000| Untracked 
|  46|0x0000000085600000, 0x0000000085690240, 0x0000000085700000| 56%| S|CS|TAMS 0x0000000085600000, 0x0000000085600000| Complete 
|  47|0x0000000085700000, 0x0000000085800000, 0x0000000085800000|100%| S|CS|TAMS 0x0000000085700000, 0x0000000085700000| Complete 
|  48|0x0000000085800000, 0x0000000085800000, 0x0000000085900000|  0%| F|  |TAMS 0x0000000085800000, 0x0000000085800000| Untracked 
|  49|0x0000000085900000, 0x0000000085900000, 0x0000000085a00000|  0%| F|  |TAMS 0x0000000085900000, 0x0000000085900000| Untracked 
|  50|0x0000000085a00000, 0x0000000085a00000, 0x0000000085b00000|  0%| F|  |TAMS 0x0000000085a00000, 0x0000000085a00000| Untracked 
|  51|0x0000000085b00000, 0x0000000085b00000, 0x0000000085c00000|  0%| F|  |TAMS 0x0000000085b00000, 0x0000000085b00000| Untracked 
|  52|0x0000000085c00000, 0x0000000085c00000, 0x0000000085d00000|  0%| F|  |TAMS 0x0000000085c00000, 0x0000000085c00000| Untracked 
|  53|0x0000000085d00000, 0x0000000085d00000, 0x0000000085e00000|  0%| F|  |TAMS 0x0000000085d00000, 0x0000000085d00000| Untracked 
|  54|0x0000000085e00000, 0x0000000085e00000, 0x0000000085f00000|  0%| F|  |TAMS 0x0000000085e00000, 0x0000000085e00000| Untracked 
|  55|0x0000000085f00000, 0x0000000085f00000, 0x0000000086000000|  0%| F|  |TAMS 0x0000000085f00000, 0x0000000085f00000| Untracked 
|  56|0x0000000086000000, 0x0000000086000000, 0x0000000086100000|  0%| F|  |TAMS 0x0000000086000000, 0x0000000086000000| Untracked 
|  57|0x0000000086100000, 0x0000000086100000, 0x0000000086200000|  0%| F|  |TAMS 0x0000000086100000, 0x0000000086100000| Untracked 
|  58|0x0000000086200000, 0x0000000086200000, 0x0000000086300000|  0%| F|  |TAMS 0x0000000086200000, 0x0000000086200000| Untracked 
|  59|0x0000000086300000, 0x0000000086300000, 0x0000000086400000|  0%| F|  |TAMS 0x0000000086300000, 0x0000000086300000| Untracked 
| 106|0x0000000089200000, 0x0000000089200000, 0x0000000089300000|  0%| F|  |TAMS 0x0000000089200000, 0x0000000089200000| Untracked 
| 107|0x0000000089300000, 0x0000000089300000, 0x0000000089400000|  0%| F|  |TAMS 0x0000000089300000, 0x0000000089300000| Untracked 
| 108|0x0000000089400000, 0x0000000089400000, 0x0000000089500000|  0%| F|  |TAMS 0x0000000089400000, 0x0000000089400000| Untracked 
| 109|0x0000000089500000, 0x0000000089500000, 0x0000000089600000|  0%| F|  |TAMS 0x0000000089500000, 0x0000000089500000| Untracked 
| 110|0x0000000089600000, 0x0000000089600000, 0x0000000089700000|  0%| F|  |TAMS 0x0000000089600000, 0x0000000089600000| Untracked 
| 111|0x0000000089700000, 0x0000000089700000, 0x0000000089800000|  0%| F|  |TAMS 0x0000000089700000, 0x0000000089700000| Untracked 
| 125|0x000000008a500000, 0x000000008a500000, 0x000000008a600000|  0%| F|  |TAMS 0x000000008a500000, 0x000000008a500000| Untracked 

Card table byte_map: [0x000001dd42280000,0x000001dd42670000] _byte_map_base: 0x000001dd41e6c000

Marking Bits (Prev, Next): (CMBitMap*) 0x000001dd284ff818, (CMBitMap*) 0x000001dd284ff858
 Prev Bits: [0x000001dd42a60000, 0x000001dd449c0000)
 Next Bits: [0x000001dd449c0000, 0x000001dd46920000)

Polling page: 0x000001dd28370000

Metaspace:

Usage:
  Non-class:     24.96 MB capacity,    24.48 MB ( 98%) used,   415.41 KB (  2%) free+waste,    70.38 KB ( <1%) overhead. 
      Class:      3.32 MB capacity,     3.02 MB ( 91%) used,   268.74 KB (  8%) free+waste,    30.56 KB ( <1%) overhead. 
       Both:     28.27 MB capacity,    27.50 MB ( 97%) used,   684.15 KB (  2%) free+waste,   100.94 KB ( <1%) overhead. 

Virtual space:
  Non-class space:       26.00 MB reserved,      25.17 MB ( 97%) committed 
      Class space:        1.00 GB reserved,       3.38 MB ( <1%) committed 
             Both:        1.03 GB reserved,      28.55 MB (  3%) committed 

Chunk freelists:
   Non-Class:  29.00 KB
       Class:  29.00 KB
        Both:  58.00 KB

MaxMetaspaceSize: 17179869184.00 GB
CompressedClassSpaceSize: 1.00 GB

CodeHeap 'non-profiled nmethods': size=120000Kb used=4032Kb max_used=4032Kb free=115967Kb
 bounds [0x000001dd39ef0000, 0x000001dd3a2f0000, 0x000001dd41420000]
CodeHeap 'profiled nmethods': size=120000Kb used=16454Kb max_used=16454Kb free=103545Kb
 bounds [0x000001dd329c0000, 0x000001dd339e0000, 0x000001dd39ef0000]
CodeHeap 'non-nmethods': size=5760Kb used=1238Kb max_used=1336Kb free=4521Kb
 bounds [0x000001dd32420000, 0x000001dd32690000, 0x000001dd329c0000]
 total_blobs=10002 nmethods=6517 adapters=417
 compilation: enabled
              stopped_count=0, restarted_count=0
 full_count=0

Compilation events (20 events):
Event: 4.985 Thread 0x000001dd493fa000 nmethod 7451 0x000001dd339cc710 code [0x000001dd339cc8c0, 0x000001dd339ccaa8]
Event: 4.985 Thread 0x000001dd493fa000 7450       1       com.google.inject.spi.TypeConverterBinding::getSource (5 bytes)
Event: 4.985 Thread 0x000001dd493fa000 nmethod 7450 0x000001dd3a2ded90 code [0x000001dd3a2def20, 0x000001dd3a2deff8]
Event: 4.985 Thread 0x000001dd493fa000 7452       3       com.google.inject.internal.util.Classes::isConcrete (25 bytes)
Event: 4.985 Thread 0x000001dd493fa000 nmethod 7452 0x000001dd339ccb90 code [0x000001dd339ccd60, 0x000001dd339cd018]
Event: 4.985 Thread 0x000001dd493fa000 7456   !   3       com.google.inject.internal.InjectorImpl::getExistingBinding (139 bytes)
Event: 4.986 Thread 0x000001dd4b3d3000 nmethod 7444% 0x000001dd3a2df090 code [0x000001dd3a2df2e0, 0x000001dd3a2dff58]
Event: 4.987 Thread 0x000001dd4b3d3000 7436  s!   4       jdk.internal.loader.URLClassPath::getLoader (194 bytes)
Event: 4.987 Thread 0x000001dd493fa000 nmethod 7456 0x000001dd339cd110 code [0x000001dd339cd4e0, 0x000001dd339cf538]
Event: 4.987 Thread 0x000001dd493fa000 7461       3       com.google.inject.internal.ProvisionListenerCallbackStore::create (94 bytes)
Event: 4.988 Thread 0x000001dd493fa000 nmethod 7461 0x000001dd339cff10 code [0x000001dd339d01c0, 0x000001dd339d13e8]
Event: 4.988 Thread 0x000001dd493fa000 7463       3       com.google.common.collect.CompactHashMap::put (220 bytes)
Event: 4.989 Thread 0x000001dd493fa000 nmethod 7463 0x000001dd339d1910 code [0x000001dd339d1ba0, 0x000001dd339d2c08]
Event: 4.989 Thread 0x000001dd493fa000 7464       3       com.google.common.collect.CompactHashMap::resizeMeMaybe (39 bytes)
Event: 4.989 Thread 0x000001dd493fa000 nmethod 7464 0x000001dd339d3310 code [0x000001dd339d34c0, 0x000001dd339d3808]
Event: 4.989 Thread 0x000001dd493fa000 7465       3       com.google.common.collect.CompactHashMap::insertEntry (31 bytes)
Event: 4.989 Thread 0x000001dd493fa000 nmethod 7465 0x000001dd339d3910 code [0x000001dd339d3ae0, 0x000001dd339d3fd8]
Event: 4.989 Thread 0x000001dd493fa000 7459       3       com.google.inject.internal.Scoping::makeInjectable (47 bytes)
Event: 4.990 Thread 0x000001dd493fa000 nmethod 7459 0x000001dd339d4190 code [0x000001dd339d4400, 0x000001dd339d5018]
Event: 4.990 Thread 0x000001dd493fa000 7458       3       com.google.inject.internal.Annotations::checkForMisplacedScopeAnnotations (41 bytes)

GC Heap History (20 events):
Event: 1.770 GC heap after
{Heap after GC invocations=3 (full 0):
 garbage-first heap   total 129024K, used 9441K [0x0000000082800000, 0x0000000100000000)
  region size 1024K, 6 young (6144K), 6 survivors (6144K)
 Metaspace       used 14517K, capacity 16139K, committed 16256K, reserved 1062912K
  class space    used 1656K, capacity 1914K, committed 1920K, reserved 1048576K
}
Event: 2.032 GC heap before
{Heap before GC invocations=3 (full 0):
 garbage-first heap   total 129024K, used 22753K [0x0000000082800000, 0x0000000100000000)
  region size 1024K, 20 young (20480K), 6 survivors (6144K)
 Metaspace       used 19832K, capacity 21119K, committed 21296K, reserved 1069056K
  class space    used 2324K, capacity 2561K, committed 2688K, reserved 1048576K
}
Event: 2.038 GC heap after
{Heap after GC invocations=4 (full 0):
 garbage-first heap   total 129024K, used 11237K [0x0000000082800000, 0x0000000100000000)
  region size 1024K, 6 young (6144K), 6 survivors (6144K)
 Metaspace       used 19832K, capacity 21119K, committed 21296K, reserved 1069056K
  class space    used 2324K, capacity 2561K, committed 2688K, reserved 1048576K
}
Event: 2.377 GC heap before
{Heap before GC invocations=5 (full 0):
 garbage-first heap   total 45056K, used 31717K [0x0000000082800000, 0x0000000100000000)
  region size 1024K, 26 young (26624K), 6 survivors (6144K)
 Metaspace       used 23010K, capacity 23855K, committed 24112K, reserved 1071104K
  class space    used 2653K, capacity 2922K, committed 2944K, reserved 1048576K
}
Event: 2.392 GC heap after
{Heap after GC invocations=6 (full 0):
 garbage-first heap   total 54272K, used 16411K [0x0000000082800000, 0x0000000100000000)
  region size 1024K, 4 young (4096K), 4 survivors (4096K)
 Metaspace       used 23010K, capacity 23855K, committed 24112K, reserved 1071104K
  class space    used 2653K, capacity 2922K, committed 2944K, reserved 1048576K
}
Event: 2.574 GC heap before
{Heap before GC invocations=6 (full 0):
 garbage-first heap   total 54272K, used 37915K [0x0000000082800000, 0x0000000100000000)
  region size 1024K, 24 young (24576K), 4 survivors (4096K)
 Metaspace       used 23561K, capacity 24330K, committed 24368K, reserved 1071104K
  class space    used 2676K, capacity 2944K, committed 2944K, reserved 1048576K
}
Event: 2.586 GC heap after
{Heap after GC invocations=7 (full 0):
 garbage-first heap   total 54272K, used 21531K [0x0000000082800000, 0x0000000100000000)
  region size 1024K, 3 young (3072K), 3 survivors (3072K)
 Metaspace       used 23561K, capacity 24330K, committed 24368K, reserved 1071104K
  class space    used 2676K, capacity 2944K, committed 2944K, reserved 1048576K
}
Event: 3.006 GC heap before
{Heap before GC invocations=7 (full 0):
 garbage-first heap   total 54272K, used 38939K [0x0000000082800000, 0x0000000100000000)
  region size 1024K, 20 young (20480K), 3 survivors (3072K)
 Metaspace       used 25541K, capacity 26295K, committed 26416K, reserved 1073152K
  class space    used 2876K, capacity 3188K, committed 3200K, reserved 1048576K
}
Event: 3.016 GC heap after
{Heap after GC invocations=8 (full 0):
 garbage-first heap   total 54272K, used 23713K [0x0000000082800000, 0x0000000100000000)
  region size 1024K, 2 young (2048K), 2 survivors (2048K)
 Metaspace       used 25541K, capacity 26295K, committed 26416K, reserved 1073152K
  class space    used 2876K, capacity 3188K, committed 3200K, reserved 1048576K
}
Event: 3.297 GC heap before
{Heap before GC invocations=8 (full 0):
 garbage-first heap   total 54272K, used 39073K [0x0000000082800000, 0x0000000100000000)
  region size 1024K, 17 young (17408K), 2 survivors (2048K)
 Metaspace       used 25979K, capacity 26786K, committed 26928K, reserved 1073152K
  class space    used 2885K, capacity 3195K, committed 3200K, reserved 1048576K
}
Event: 3.305 GC heap after
{Heap after GC invocations=9 (full 0):
 garbage-first heap   total 54272K, used 24058K [0x0000000082800000, 0x0000000100000000)
  region size 1024K, 2 young (2048K), 2 survivors (2048K)
 Metaspace       used 25979K, capacity 26786K, committed 26928K, reserved 1073152K
  class space    used 2885K, capacity 3195K, committed 3200K, reserved 1048576K
}
Event: 3.536 GC heap before
{Heap before GC invocations=9 (full 0):
 garbage-first heap   total 54272K, used 40442K [0x0000000082800000, 0x0000000100000000)
  region size 1024K, 18 young (18432K), 2 survivors (2048K)
 Metaspace       used 26239K, capacity 26982K, committed 27184K, reserved 1073152K
  class space    used 2903K, capacity 3196K, committed 3200K, reserved 1048576K
}
Event: 3.542 GC heap after
{Heap after GC invocations=10 (full 0):
 garbage-first heap   total 68608K, used 24729K [0x0000000082800000, 0x0000000100000000)
  region size 1024K, 2 young (2048K), 2 survivors (2048K)
 Metaspace       used 26239K, capacity 26982K, committed 27184K, reserved 1073152K
  class space    used 2903K, capacity 3196K, committed 3200K, reserved 1048576K
}
Event: 3.925 GC heap before
{Heap before GC invocations=10 (full 0):
 garbage-first heap   total 68608K, used 51353K [0x0000000082800000, 0x0000000100000000)
  region size 1024K, 28 young (28672K), 2 survivors (2048K)
 Metaspace       used 26898K, capacity 27613K, committed 27824K, reserved 1073152K
  class space    used 2963K, capacity 3214K, committed 3328K, reserved 1048576K
}
Event: 3.942 GC heap after
{Heap after GC invocations=11 (full 0):
 garbage-first heap   total 68608K, used 31735K [0x0000000082800000, 0x0000000100000000)
  region size 1024K, 4 young (4096K), 4 survivors (4096K)
 Metaspace       used 26898K, capacity 27613K, committed 27824K, reserved 1073152K
  class space    used 2963K, capacity 3214K, committed 3328K, reserved 1048576K
}
Event: 4.286 GC heap before
{Heap before GC invocations=11 (full 0):
 garbage-first heap   total 68608K, used 51191K [0x0000000082800000, 0x0000000100000000)
  region size 1024K, 23 young (23552K), 4 survivors (4096K)
 Metaspace       used 27143K, capacity 27885K, committed 28080K, reserved 1075200K
  class space    used 2964K, capacity 3216K, committed 3328K, reserved 1048576K
}
Event: 4.298 GC heap after
{Heap after GC invocations=12 (full 0):
 garbage-first heap   total 68608K, used 34078K [0x0000000082800000, 0x0000000100000000)
  region size 1024K, 2 young (2048K), 2 survivors (2048K)
 Metaspace       used 27143K, capacity 27885K, committed 28080K, reserved 1075200K
  class space    used 2964K, capacity 3216K, committed 3328K, reserved 1048576K
}
Event: 4.616 GC heap before
{Heap before GC invocations=12 (full 0):
 garbage-first heap   total 68608K, used 52510K [0x0000000082800000, 0x0000000100000000)
  region size 1024K, 20 young (20480K), 2 survivors (2048K)
 Metaspace       used 27270K, capacity 27953K, committed 28080K, reserved 1075200K
  class space    used 2964K, capacity 3216K, committed 3328K, reserved 1048576K
}
Event: 4.625 GC heap after
{Heap after GC invocations=13 (full 0):
 garbage-first heap   total 68608K, used 34333K [0x0000000082800000, 0x0000000100000000)
  region size 1024K, 3 young (3072K), 3 survivors (3072K)
 Metaspace       used 27270K, capacity 27953K, committed 28080K, reserved 1075200K
  class space    used 2964K, capacity 3216K, committed 3328K, reserved 1048576K
}
Event: 4.990 GC heap before
{Heap before GC invocations=14 (full 0):
 garbage-first heap   total 68608K, used 52765K [0x0000000082800000, 0x0000000100000000)
  region size 1024K, 21 young (21504K), 3 survivors (3072K)
 Metaspace       used 28164K, capacity 28950K, committed 29232K, reserved 1075200K
  class space    used 3095K, capacity 3395K, committed 3456K, reserved 1048576K
}

Deoptimization events (20 events):
Event: 4.716 Thread 0x000001dd284bc000 DEOPT PACKING pc=0x000001dd32c0221c sp=0x00000078f97fc8a0
Event: 4.716 Thread 0x000001dd284bc000 DEOPT UNPACKING pc=0x000001dd3246964e sp=0x00000078f97fbe40 mode 0
Event: 4.716 Thread 0x000001dd284bc000 DEOPT PACKING pc=0x000001dd32bd199b sp=0x00000078f97fcc90
Event: 4.716 Thread 0x000001dd284bc000 DEOPT UNPACKING pc=0x000001dd3246964e sp=0x00000078f97fc1d0 mode 0
Event: 4.720 Thread 0x000001dd284bc000 Uncommon trap: trap_request=0xffffff45 fr.pc=0x000001dd3a0777c0 relative=0x0000000000000d40
Event: 4.720 Thread 0x000001dd284bc000 Uncommon trap: reason=unstable_if action=reinterpret pc=0x000001dd3a0777c0 method=org.codehaus.plexus.classworlds.realm.Entry.matches(Ljava/lang/String;)Z @ 150 c2
Event: 4.720 Thread 0x000001dd284bc000 DEOPT PACKING pc=0x000001dd3a0777c0 sp=0x00000078f97f9060
Event: 4.720 Thread 0x000001dd284bc000 DEOPT UNPACKING pc=0x000001dd3246912f sp=0x00000078f97f9030 mode 2
Event: 4.847 Thread 0x000001dd284bc000 DEOPT PACKING pc=0x000001dd32f342c8 sp=0x00000078f97fcee0
Event: 4.847 Thread 0x000001dd284bc000 DEOPT UNPACKING pc=0x000001dd3246964e sp=0x00000078f97fc3e8 mode 0
Event: 4.934 Thread 0x000001dd284bc000 DEOPT PACKING pc=0x000001dd32b99f32 sp=0x00000078f97fcec0
Event: 4.934 Thread 0x000001dd284bc000 DEOPT UNPACKING pc=0x000001dd3246964e sp=0x00000078f97fc358 mode 0
Event: 4.936 Thread 0x000001dd284bc000 DEOPT PACKING pc=0x000001dd32b99f32 sp=0x00000078f97fcf10
Event: 4.936 Thread 0x000001dd284bc000 DEOPT UNPACKING pc=0x000001dd3246964e sp=0x00000078f97fc3a8 mode 0
Event: 4.938 Thread 0x000001dd284bc000 DEOPT PACKING pc=0x000001dd32b99f32 sp=0x00000078f97fcec0
Event: 4.938 Thread 0x000001dd284bc000 DEOPT UNPACKING pc=0x000001dd3246964e sp=0x00000078f97fc358 mode 0
Event: 4.956 Thread 0x000001dd284bc000 Uncommon trap: trap_request=0xffffff45 fr.pc=0x000001dd3a1158f0 relative=0x0000000000000130
Event: 4.956 Thread 0x000001dd284bc000 Uncommon trap: reason=unstable_if action=reinterpret pc=0x000001dd3a1158f0 method=java.lang.StringLatin1.lastIndexOf([BI[BII)I @ 86 c2
Event: 4.956 Thread 0x000001dd284bc000 DEOPT PACKING pc=0x000001dd3a1158f0 sp=0x00000078f97fcf40
Event: 4.956 Thread 0x000001dd284bc000 DEOPT UNPACKING pc=0x000001dd3246912f sp=0x00000078f97fce98 mode 2

Classes unloaded (0 events):
No events

Classes redefined (0 events):
No events

Internal exceptions (20 events):
Event: 4.480 Thread 0x000001dd284bc000 Exception <a 'sun/nio/fs/WindowsException'{0x0000000085e24e08}> (0x0000000085e24e08) 
thrown [t:/workspace/open/src/hotspot/share/prims/jni.cpp, line 599]
Event: 4.483 Thread 0x000001dd284bc000 Exception <a 'sun/nio/fs/WindowsException'{0x0000000085e2a988}> (0x0000000085e2a988) 
thrown [t:/workspace/open/src/hotspot/share/prims/jni.cpp, line 599]
Event: 4.486 Thread 0x000001dd284bc000 Exception <a 'sun/nio/fs/WindowsException'{0x0000000085e2e8a8}> (0x0000000085e2e8a8) 
thrown [t:/workspace/open/src/hotspot/share/prims/jni.cpp, line 599]
Event: 4.490 Thread 0x000001dd284bc000 Exception <a 'sun/nio/fs/WindowsException'{0x0000000085e64c28}> (0x0000000085e64c28) 
thrown [t:/workspace/open/src/hotspot/share/prims/jni.cpp, line 599]
Event: 4.506 Thread 0x000001dd284bc000 Exception <a 'sun/nio/fs/WindowsException'{0x0000000085c26640}> (0x0000000085c26640) 
thrown [t:/workspace/open/src/hotspot/share/prims/jni.cpp, line 599]
Event: 4.510 Thread 0x000001dd284bc000 Exception <a 'sun/nio/fs/WindowsException'{0x0000000085c65858}> (0x0000000085c65858) 
thrown [t:/workspace/open/src/hotspot/share/prims/jni.cpp, line 599]
Event: 4.513 Thread 0x000001dd284bc000 Exception <a 'sun/nio/fs/WindowsException'{0x0000000085c79f20}> (0x0000000085c79f20) 
thrown [t:/workspace/open/src/hotspot/share/prims/jni.cpp, line 599]
Event: 4.517 Thread 0x000001dd284bc000 Exception <a 'sun/nio/fs/WindowsException'{0x0000000085ca7340}> (0x0000000085ca7340) 
thrown [t:/workspace/open/src/hotspot/share/prims/jni.cpp, line 599]
Event: 4.520 Thread 0x000001dd284bc000 Exception <a 'sun/nio/fs/WindowsException'{0x0000000085cb3d48}> (0x0000000085cb3d48) 
thrown [t:/workspace/open/src/hotspot/share/prims/jni.cpp, line 599]
Event: 4.524 Thread 0x000001dd284bc000 Exception <a 'sun/nio/fs/WindowsException'{0x0000000085ce3090}> (0x0000000085ce3090) 
thrown [t:/workspace/open/src/hotspot/share/prims/jni.cpp, line 599]
Event: 4.525 Thread 0x000001dd284bc000 Exception <a 'sun/nio/fs/WindowsException'{0x0000000085ce8a30}> (0x0000000085ce8a30) 
thrown [t:/workspace/open/src/hotspot/share/prims/jni.cpp, line 599]
Event: 4.528 Thread 0x000001dd284bc000 Exception <a 'sun/nio/fs/WindowsException'{0x0000000085b0ec50}> (0x0000000085b0ec50) 
thrown [t:/workspace/open/src/hotspot/share/prims/jni.cpp, line 599]
Event: 4.531 Thread 0x000001dd284bc000 Exception <a 'sun/nio/fs/WindowsException'{0x0000000085b223c0}> (0x0000000085b223c0) 
thrown [t:/workspace/open/src/hotspot/share/prims/jni.cpp, line 599]
Event: 4.535 Thread 0x000001dd284bc000 Exception <a 'sun/nio/fs/WindowsException'{0x0000000085b61f28}> (0x0000000085b61f28) 
thrown [t:/workspace/open/src/hotspot/share/prims/jni.cpp, line 599]
Event: 4.538 Thread 0x000001dd284bc000 Exception <a 'sun/nio/fs/WindowsException'{0x0000000085b708f0}> (0x0000000085b708f0) 
thrown [t:/workspace/open/src/hotspot/share/prims/jni.cpp, line 599]
Event: 4.549 Thread 0x000001dd284bc000 Exception <a 'sun/nio/fs/WindowsException'{0x0000000085a2c970}> (0x0000000085a2c970) 
thrown [t:/workspace/open/src/hotspot/share/prims/jni.cpp, line 599]
Event: 4.552 Thread 0x000001dd284bc000 Exception <a 'sun/nio/fs/WindowsException'{0x0000000085a3c498}> (0x0000000085a3c498) 
thrown [t:/workspace/open/src/hotspot/share/prims/jni.cpp, line 599]
Event: 4.554 Thread 0x000001dd284bc000 Exception <a 'sun/nio/fs/WindowsException'{0x0000000085a45c70}> (0x0000000085a45c70) 
thrown [t:/workspace/open/src/hotspot/share/prims/jni.cpp, line 599]
Event: 4.557 Thread 0x000001dd284bc000 Exception <a 'sun/nio/fs/WindowsException'{0x0000000085a73048}> (0x0000000085a73048) 
thrown [t:/workspace/open/src/hotspot/share/prims/jni.cpp, line 599]
Event: 4.561 Thread 0x000001dd284bc000 Exception <a 'sun/nio/fs/WindowsException'{0x0000000085a984c8}> (0x0000000085a984c8) 
thrown [t:/workspace/open/src/hotspot/share/prims/jni.cpp, line 599]

Events (20 events):
Event: 3.748 loading class java/nio/file/FileTreeWalker$1 done
Event: 3.925 Executing VM operation: G1CollectForAllocation
Event: 3.942 Executing VM operation: G1CollectForAllocation done
Event: 4.101 Executing VM operation: ICBufferFull
Event: 4.101 Executing VM operation: ICBufferFull done
Event: 4.112 Loaded shared library C:\usr\local\jdk-14\bin\nio.dll
Event: 4.286 Executing VM operation: G1CollectForAllocation
Event: 4.298 Executing VM operation: G1CollectForAllocation done
Event: 4.616 Executing VM operation: G1CollectForAllocation
Event: 4.625 Executing VM operation: G1CollectForAllocation done
Event: 4.655 Executing VM operation: G1Concurrent
Event: 4.661 Executing VM operation: G1Concurrent done
Event: 4.676 Executing VM operation: G1Concurrent
Event: 4.676 Executing VM operation: G1Concurrent done
Event: 4.930 Loaded shared library C:\usr\local\jdk-14\bin\zip.dll
Event: 4.958 Executing VM operation: HandshakeAllThreads
Event: 4.958 Executing VM operation: HandshakeAllThreads done
Event: 4.970 loading class java/util/zip/GZIPInputStream
Event: 4.970 loading class java/util/zip/GZIPInputStream done
Event: 4.990 Executing VM operation: G1CollectForAllocation


Dynamic libraries:
0x00007ff610ec0000 - 0x00007ff610ecd000 	C:\usr\local\jdk-14\bin\java.exe
0x00007ff96e5f0000 - 0x00007ff96e7e5000 	C:\Windows\SYSTEM32\ntdll.dll
0x00007ff96ce40000 - 0x00007ff96cefe000 	C:\Windows\System32\KERNEL32.DLL
0x00007ff96c1a0000 - 0x00007ff96c469000 	C:\Windows\System32\KERNELBASE.dll
0x00007ff96bd10000 - 0x00007ff96be10000 	C:\Windows\System32\ucrtbase.dll
0x00007ff964890000 - 0x00007ff9648a8000 	C:\usr\local\jdk-14\bin\jli.dll
0x00007ff963fd0000 - 0x00007ff963fe5000 	C:\usr\local\jdk-14\bin\VCRUNTIME140.dll
0x00007ff96c8d0000 - 0x00007ff96ca71000 	C:\Windows\System32\USER32.dll
0x00007ff96c170000 - 0x00007ff96c192000 	C:\Windows\System32\win32u.dll
0x00007ff95ed40000 - 0x00007ff95efda000 	C:\Windows\WinSxS\amd64_microsoft.windows.common-controls_6595b64144ccf1df_6.0.19041.1110_none_60b5254171f9507e\COMCTL32.dll
0x00007ff96d540000 - 0x00007ff96d56b000 	C:\Windows\System32\GDI32.dll
0x00007ff96d730000 - 0x00007ff96d7ce000 	C:\Windows\System32\msvcrt.dll
0x00007ff96c530000 - 0x00007ff96c63b000 	C:\Windows\System32\gdi32full.dll
0x00007ff96bf20000 - 0x00007ff96bfbd000 	C:\Windows\System32\msvcp_win.dll
0x00007ff96c710000 - 0x00007ff96c740000 	C:\Windows\System32\IMM32.DLL
0x00007ff952510000 - 0x00007ff9525ab000 	C:\usr\local\jdk-14\bin\msvcp140.dll
0x00007ff8f87e0000 - 0x00007ff8f92ff000 	C:\usr\local\jdk-14\bin\server\jvm.dll
0x00007ff96cc50000 - 0x00007ff96ccfc000 	C:\Windows\System32\ADVAPI32.dll
0x00007ff96d7d0000 - 0x00007ff96d86b000 	C:\Windows\System32\sechost.dll
0x00007ff96d3b0000 - 0x00007ff96d4da000 	C:\Windows\System32\RPCRT4.dll
0x00007ff96cdb0000 - 0x00007ff96cdb8000 	C:\Windows\System32\PSAPI.DLL
0x00007ff958be0000 - 0x00007ff958be9000 	C:\Windows\SYSTEM32\WSOCK32.dll
0x00007ff958a10000 - 0x00007ff958a37000 	C:\Windows\SYSTEM32\WINMM.dll
0x00007ff9660d0000 - 0x00007ff9660da000 	C:\Windows\SYSTEM32\VERSION.dll
0x00007ff96cf00000 - 0x00007ff96cf6b000 	C:\Windows\System32\WS2_32.dll
0x00007ff969bd0000 - 0x00007ff969be2000 	C:\Windows\SYSTEM32\kernel.appcore.dll
0x00007ff966850000 - 0x00007ff96685a000 	C:\usr\local\jdk-14\bin\jimage.dll
0x00007ff9645f0000 - 0x00007ff9647d4000 	C:\Windows\SYSTEM32\DBGHELP.DLL
0x00007ff963c70000 - 0x00007ff963c9c000 	C:\Windows\SYSTEM32\dbgcore.DLL
0x00007ff96c470000 - 0x00007ff96c4f3000 	C:\Windows\System32\bcryptPrimitives.dll
0x00007ff963fa0000 - 0x00007ff963fc5000 	C:\usr\local\jdk-14\bin\java.dll
0x00007ff963280000 - 0x00007ff963297000 	C:\usr\local\jdk-14\bin\zip.dll
0x00007ff96dcf0000 - 0x00007ff96e42f000 	C:\Windows\System32\SHELL32.dll
0x00007ff969dd0000 - 0x00007ff96a560000 	C:\Windows\SYSTEM32\windows.storage.dll
0x00007ff96cf70000 - 0x00007ff96d2c5000 	C:\Windows\System32\combase.dll
0x00007ff96b680000 - 0x00007ff96b6ac000 	C:\Windows\SYSTEM32\Wldp.dll
0x00007ff96cd00000 - 0x00007ff96cdad000 	C:\Windows\System32\SHCORE.dll
0x00007ff96d4e0000 - 0x00007ff96d535000 	C:\Windows\System32\shlwapi.dll
0x00007ff96bc50000 - 0x00007ff96bc6f000 	C:\Windows\SYSTEM32\profapi.dll
0x00007ff962cc0000 - 0x00007ff962cd9000 	C:\usr\local\jdk-14\bin\net.dll
0x00007ff961f70000 - 0x00007ff962078000 	C:\Windows\SYSTEM32\WINHTTP.dll
0x00007ff96b460000 - 0x00007ff96b4ca000 	C:\Windows\system32\mswsock.dll
0x00007ff95db00000 - 0x00007ff95db12000 	C:\usr\local\jdk-14\bin\nio.dll
0x00007ff966620000 - 0x00007ff966630000 	C:\usr\local\jdk-14\bin\verify.dll
0x00007ff966610000 - 0x00007ff96661a000 	C:\usr\local\mvn\lib\jansi-native\windows64\jansi.dll

dbghelp: loaded successfully - version: 4.0.5 - missing functions: none
symbol engine: initialized successfully - sym options: 0x614 - pdb path: .;C:\usr\local\jdk-14\bin;C:\Windows\SYSTEM32;C:\Windows\WinSxS\amd64_microsoft.windows.common-controls_6595b64144ccf1df_6.0.19041.1110_none_60b5254171f9507e;C:\usr\local\jdk-14\bin\server;C:\usr\local\mvn\lib\jansi-native\windows64

VM Arguments:
jvm_args: -Dclassworlds.conf=C:/usr/local/mvn/bin/m2.conf -Dmaven.home=C:/usr/local/mvn -Dlibrary.jansi.path=C:/usr/local/mvn/lib/jansi-native -Dmaven.multiModuleProjectDirectory=C:/Users/joao-/Downloads/py4j-0.10.9.2/py4j-0.10.9.2/py4j-java 
java_command: org.codehaus.plexus.classworlds.launcher.Launcher clean package install -DskipTests
java_class_path (initial): C:/usr/local/mvn/boot/plexus-classworlds-2.6.0.jar
Launcher Type: SUN_STANDARD

[Global flags]
     intx CICompilerCount                          = 4                                         {product} {ergonomic}
     uint ConcGCThreads                            = 2                                         {product} {ergonomic}
     uint G1ConcRefinementThreads                  = 8                                         {product} {ergonomic}
   size_t G1HeapRegionSize                         = 1048576                                   {product} {ergonomic}
    uintx GCDrainStackTargetSize                   = 64                                        {product} {ergonomic}
   size_t InitialHeapSize                          = 132120576                                 {product} {ergonomic}
   size_t MarkStackSize                            = 4194304                                   {product} {ergonomic}
   size_t MaxHeapSize                              = 2105540608                                {product} {ergonomic}
   size_t MaxNewSize                               = 1262485504                                {product} {ergonomic}
   size_t MinHeapDeltaBytes                        = 1048576                                   {product} {ergonomic}
   size_t MinHeapSize                              = 8388608                                   {product} {ergonomic}
    uintx NonNMethodCodeHeapSize                   = 5839372                                {pd product} {ergonomic}
    uintx NonProfiledCodeHeapSize                  = 122909434                              {pd product} {ergonomic}
    uintx ProfiledCodeHeapSize                     = 122909434                              {pd product} {ergonomic}
    uintx ReservedCodeCacheSize                    = 251658240                              {pd product} {ergonomic}
     bool SegmentedCodeCache                       = true                                      {product} {ergonomic}
   size_t SoftMaxHeapSize                          = 2105540608                             {manageable} {ergonomic}
     bool UseCompressedClassPointers               = true                                 {lp64_product} {ergonomic}
     bool UseCompressedOops                        = true                                 {lp64_product} {ergonomic}
     bool UseG1GC                                  = true                                      {product} {ergonomic}
     bool UseLargePagesIndividualAllocation        = false                                  {pd product} {ergonomic}

Logging:
Log output configuration:
 #0: stdout all=warning uptime,level,tags
 #1: stderr all=off uptime,level,tags

Environment Variables:
JAVA_HOME=C:/usr/local/jdk-14
PATH=C;C:\usr\local\jdk-14\bin;C:\Users\joao-\bin;C:\usr\local\git\mingw64\bin;C:\usr\local\git\usr\local\bin;C:\usr\local\git\usr\bin;C:\usr\local\git\usr\bin;C:\usr\local\git\mingw64\bin;C:\usr\local\git\usr\bin;C:\Users\joao-\bin;C:\usr\local\dart-sdk\bin;C:\usr\local\nodejs;C:\usr\local\jdk-14\bin;C:\usr\local\oraxe18c\dbhomeXE\bin;C:\usr\local\sqlcl\bin;C:\usr\local\ag\bin;C:\usr\local\mvn\bin;C:\usr\local\python3\Scripts;C:\usr\local\python3;C:\usr\local\Go\bin;C:\Windows\system32;C:\Windows;C:\Windows\System32\Wbem;C:\Windows\System32\WindowsPowerShell\v1.0;C:\Windows\System32\OpenSSH;C:\usr\local\git\cmd;C:\usr\local\git\mingw64\bin;C:\usr\local\git\usr\bin;C:\Program Files\Microsoft VS Code\bin;C:\Users\joao-\AppData\Local\Microsoft\WindowsApps;C:\usr\local\pycharm\bin;C:\Program Files\JetBrains\IntelliJ IDEA 2021.1.1\bin;C:\Program Files\JetBrains\DataGrip 2021.1.1\bin;C:\Users\joao-\go\bin;C:\Users\joao-\AppData\Roaming\npm;C:\usr\local\git\usr\bin\vendor_perl;C:\usr\local\git\usr\bin\core_perl
USERNAME=joao-
SHELL=C:\usr\local\git\usr\bin\bash.exe
DISPLAY=needs-to-be-defined
OS=Windows_NT
PROCESSOR_IDENTIFIER=Intel64 Family 6 Model 158 Stepping 10, GenuineIntel



---------------  S Y S T E M  ---------------

OS: Windows 10 , 64 bit Build 19041 (10.0.19041.1202)
OS uptime: 18 days 7:17 hours
HyperV virtualization detected

CPU:total 8 (initial active 8) (4 cores per cpu, 2 threads per core) family 6 model 158 stepping 10, cmov, cx8, fxsr, mmx, sse, sse2, sse3, ssse3, sse4.1, sse4.2, popcnt, avx, avx2, aes, clmul, erms, 3dnowpref, lzcnt, ht, tsc, tscinvbit, bmi1, bmi2, adx, fma

Memory: 4k page, system-wide physical 8029M (1235M free)
TotalPageFile size 23291M (AvailPageFile size 8M)
current process WorkingSet (physical memory assigned to process): 246M, peak: 247M
current process commit charge ("private bytes"): 280M, peak: 297M

vm_info: OpenJDK 64-Bit Server VM (14+36-1461) for windows-amd64 JRE (14+36-1461), built on Feb  6 2020 19:03:18 by "mach5one" with MS VC++ 15.9 (VS2017)

END.
